A D/alpha////
A D/arm////
A D/contrib////
A D/dynlinker////
A D/examples////
A D/i386////
A D/ia64////
A D/include////
A D/lib////
A D/libcompat////
A D/libcruft////
A D/libcrypt////
A D/libdl////
A D/liblatin1////
A D/libm////
A D/libpthread////
A D/libregex////
A D/librpc////
A D/libshell////
A D/libstdio////
A D/libugly////
A D/libutf8////
A D/mips////
A D/mipsel////
A D/parisc////
A D/pending////
A D/ppc////
A D/ppc64////
A D/profiling////
A D/s390////
A D/s390x////
A D/sparc////
A D/sparc64////
A D/syscalls.c////
A D/syscalls.s////
A D/test////
A D/x86_64////
R D/syscalls.c////
R D/pending////
R D/libutf8////
